 2018-06-26 18:20:24,040 | Клиент подключён. |
 2018-06-26 18:20:24,040 | Клиент подключён. |
 2018-06-26 18:20:24,043 | Клиенту был отправлен ответ: {'response': 200} |
 2018-06-26 18:20:24,043 | Клиенту был отправлен ответ: {'response': 200} |
 2018-06-26 18:58:55,882 | Клиент подключён. |
 2018-06-26 18:58:55,882 | Клиент подключён. |
 2018-06-26 18:58:55,886 | Клиенту был отправлен ответ: {'response': 200} |
 2018-06-26 18:58:55,886 | Клиенту был отправлен ответ: {'response': 200} |
 2018-06-26 19:00:36,844 | Клиент подключён. |
 2018-06-26 19:00:36,844 | Клиент подключён. |
 2018-06-26 19:00:36,850 | Клиенту был отправлен ответ: {'response': 200} |
 2018-06-26 19:00:36,850 | Клиенту был отправлен ответ: {'response': 200} |
 2018-06-26 19:02:03,147 | Клиент подключён. |
 2018-06-26 19:02:03,147 | Клиент подключён. |
 2018-06-26 19:02:03,150 | Клиенту был отправлен ответ: {'response': 200} |
 2018-06-26 19:02:03,150 | Клиенту был отправлен ответ: {'response': 200} |
 2018-06-26 19:04:58,126 | Клиент подключён. |
 2018-06-26 19:04:58,126 | Клиент подключён. |
 2018-06-26 19:04:58,131 | Клиенту был отправлен ответ: {'response': 200} |
 2018-06-26 19:04:58,131 | Клиенту был отправлен ответ: {'response': 200} |
 2018-06-26 19:05:58,743 | Клиент подключён. |
 2018-06-26 19:05:58,743 | Клиент подключён. |
 2018-06-26 19:05:58,748 | Клиенту был отправлен ответ: {'response': 200} |
 2018-06-26 19:05:58,748 | Клиенту был отправлен ответ: {'response': 200} |
 2018-06-26 19:06:47,056 | Клиент подключён. |
 2018-06-26 19:06:47,056 | Клиент подключён. |
 2018-06-26 19:06:47,060 | Клиенту был отправлен ответ: {'response': 200} |
 2018-06-26 19:06:47,060 | Клиенту был отправлен ответ: {'response': 200} |
 2018-06-26 19:06:51,057 | Введено сообщение: 123 |
 2018-06-26 19:06:51,057 | Введено сообщение: 123 |
 2018-06-26 19:07:38,922 | Клиент подключён. |
 2018-06-26 19:07:38,922 | Клиент подключён. |
 2018-06-26 19:07:38,926 | Клиенту был отправлен ответ: {'response': 200} |
 2018-06-26 19:07:38,926 | Клиенту был отправлен ответ: {'response': 200} |
 2018-06-26 19:07:58,144 | Введено сообщение: 123 |
 2018-06-26 19:07:58,144 | Введено сообщение: 123 |
 2018-06-26 19:10:49,274 | Клиент подключён. |
 2018-06-26 19:10:49,274 | Клиент подключён. |
 2018-06-26 19:10:49,278 | Клиенту был отправлен ответ: {'response': 200} |
 2018-06-26 19:10:49,278 | Клиенту был отправлен ответ: {'response': 200} |
 2018-06-26 19:10:52,217 | Введено сообщение: 123 |
 2018-06-26 19:10:52,217 | Введено сообщение: 123 |
 2018-06-26 19:11:22,664 | Клиент подключён. |
 2018-06-26 19:11:22,664 | Клиент подключён. |
 2018-06-26 19:11:22,668 | Клиенту был отправлен ответ: {'response': 200} |
 2018-06-26 19:11:22,668 | Клиенту был отправлен ответ: {'response': 200} |
 2018-06-26 19:11:30,864 | Введено сообщение: 123 |
 2018-06-26 19:11:30,864 | Введено сообщение: 123 |
 2018-06-26 19:16:37,281 | Клиент подключён. |
 2018-06-26 19:16:37,281 | Клиент подключён. |
 2018-06-26 19:16:37,284 | Клиенту был отправлен ответ: {'response': 200} |
 2018-06-26 19:16:37,284 | Клиенту был отправлен ответ: {'response': 200} |
 2018-06-26 19:16:40,711 | Введено сообщение: 123 |
 2018-06-26 19:16:40,711 | Введено сообщение: 123 |
 2018-06-26 19:16:59,162 | Введено сообщение: asdas |
 2018-06-26 19:16:59,162 | Введено сообщение: asdas |
 2018-06-26 19:17:37,812 | Клиент подключён. |
 2018-06-26 19:17:37,812 | Клиент подключён. |
 2018-06-26 19:17:37,813 | Клиенту был отправлен ответ: {'response': 200} |
 2018-06-26 19:17:37,813 | Клиенту был отправлен ответ: {'response': 200} |
 2018-06-26 19:17:42,636 | Введено сообщение: 123 |
 2018-06-26 19:17:42,636 | Введено сообщение: 123 |
 2018-06-26 19:20:01,263 | Клиент подключён. |
 2018-06-26 19:20:01,263 | Клиент подключён. |
 2018-06-26 19:20:01,266 | Клиенту был отправлен ответ: {'response': 200} |
 2018-06-26 19:20:01,266 | Клиенту был отправлен ответ: {'response': 200} |
 2018-06-26 19:21:21,727 | Клиент подключён. |
 2018-06-26 19:21:21,727 | Клиент подключён. |
 2018-06-26 19:21:21,729 | Клиенту был отправлен ответ: {'response': 200} |
 2018-06-26 19:21:21,729 | Клиенту был отправлен ответ: {'response': 200} |
 2018-06-26 19:21:25,121 | Введено сообщение: 123 |
 2018-06-26 19:21:25,121 | Введено сообщение: 123 |
 2018-06-27 16:06:11,972 | Клиент подключён. |
 2018-06-27 16:06:11,972 | Клиент подключён. |
 2018-06-27 16:06:11,978 | Клиенту был отправлен ответ: {'response': 200} |
 2018-06-27 16:06:11,978 | Клиенту был отправлен ответ: {'response': 200} |
 2018-06-27 16:09:04,469 | Клиент подключён. |
 2018-06-27 16:09:04,469 | Клиент подключён. |
 2018-06-27 16:09:04,474 | Клиенту был отправлен ответ: {'response': 200} |
 2018-06-27 16:09:04,474 | Клиенту был отправлен ответ: {'response': 200} |
 2018-06-27 16:41:31,746 | Клиент подключён. |
 2018-06-27 16:41:31,746 | Клиент подключён. |
 2018-06-27 16:41:31,750 | Клиенту был отправлен ответ: {'response': 200} |
 2018-06-27 16:41:31,750 | Клиенту был отправлен ответ: {'response': 200} |
 2018-06-27 16:42:15,561 | Клиент подключён. |
 2018-06-27 16:42:15,561 | Клиент подключён. |
 2018-06-27 16:42:15,564 | Клиенту был отправлен ответ: {'response': 200} |
 2018-06-27 16:42:15,564 | Клиенту был отправлен ответ: {'response': 200} |
 2018-06-27 16:42:46,320 | Клиент подключён. |
 2018-06-27 16:42:46,320 | Клиент подключён. |
 2018-06-27 16:42:46,324 | Клиенту был отправлен ответ: {'response': 200} |
 2018-06-27 16:42:46,324 | Клиенту был отправлен ответ: {'response': 200} |
 2018-06-27 16:42:57,658 | Введено сообщение: 123 |
 2018-06-27 16:42:57,658 | Введено сообщение: 123 |
 2018-06-27 16:42:59,669 | Введено сообщение: qweqwre |
 2018-06-27 16:42:59,669 | Введено сообщение: qweqwre |
 2018-06-27 16:44:17,067 | Клиент подключён. |
 2018-06-27 16:44:17,067 | Клиент подключён. |
 2018-06-27 16:44:17,072 | Клиенту был отправлен ответ: {'response': 200} |
 2018-06-27 16:44:17,072 | Клиенту был отправлен ответ: {'response': 200} |
 2018-06-27 16:44:22,281 | Введено сообщение: qerr |
 2018-06-27 16:44:22,281 | Введено сообщение: qerr |
 2018-06-27 16:45:32,112 | Введено сообщение: 123 |
 2018-06-27 16:45:32,112 | Введено сообщение: 123 |
 2018-06-27 16:47:14,461 | Клиент подключён. |
 2018-06-27 16:47:14,461 | Клиент подключён. |
 2018-06-27 16:47:14,466 | Клиенту был отправлен ответ: {'response': 200} |
 2018-06-27 16:47:14,466 | Клиенту был отправлен ответ: {'response': 200} |
 2018-06-27 16:47:19,132 | Введено сообщение: qewr |
 2018-06-27 16:47:19,132 | Введено сообщение: qewr |
 2018-06-27 16:49:28,746 | Клиент подключён. |
 2018-06-27 16:49:28,746 | Клиент подключён. |
 2018-06-27 16:49:30,305 | Клиенту был отправлен ответ: {'response': 200} |
 2018-06-27 16:49:30,305 | Клиенту был отправлен ответ: {'response': 200} |
 2018-06-27 16:49:39,074 | Введено сообщение: 123 |
 2018-06-27 16:49:39,074 | Введено сообщение: 123 |
 2018-06-27 16:58:12,255 | Клиент подключён. |
 2018-06-27 16:58:12,255 | Клиент подключён. |
 2018-06-27 16:58:12,263 | Клиенту был отправлен ответ: {'response': 200} |
 2018-06-27 16:58:12,263 | Клиенту был отправлен ответ: {'response': 200} |
 2018-06-27 16:58:21,925 | Введено сообщение: 123 |
 2018-06-27 16:58:21,925 | Введено сообщение: 123 |
 2018-06-27 16:58:21,929 | Клиент подключён. |
 2018-06-27 16:58:21,929 | Клиент подключён. |
 2018-06-27 16:58:21,929 | Клиенту был отправлен ответ: {'response': 200} |
 2018-06-27 16:58:21,929 | Клиенту был отправлен ответ: {'response': 200} |
 2018-06-27 16:59:22,667 | Клиент подключён. |
 2018-06-27 16:59:22,667 | Клиент подключён. |
 2018-06-27 16:59:22,670 | Клиенту был отправлен ответ: {'response': 200} |
 2018-06-27 16:59:22,670 | Клиенту был отправлен ответ: {'response': 200} |
 2018-06-27 17:07:22,057 | Клиент подключён. |
 2018-06-27 17:07:22,057 | Клиент подключён. |
 2018-06-27 17:07:22,060 | Клиенту был отправлен ответ: {'response': 200} |
 2018-06-27 17:07:22,060 | Клиенту был отправлен ответ: {'response': 200} |
 2018-06-27 17:07:25,181 | Введено сообщение: 123 |
 2018-06-27 17:07:25,181 | Введено сообщение: 123 |
 2018-06-27 17:08:04,438 | Введено сообщение: sad |
 2018-06-27 17:08:04,438 | Введено сообщение: sad |
 2018-06-27 17:09:41,942 | Клиент подключён. |
 2018-06-27 17:09:41,942 | Клиент подключён. |
 2018-06-27 17:09:41,946 | Клиенту был отправлен ответ: {'response': 200} |
 2018-06-27 17:09:41,946 | Клиенту был отправлен ответ: {'response': 200} |
 2018-06-27 17:09:45,163 | Введено сообщение: 123 |
 2018-06-27 17:09:45,163 | Введено сообщение: 123 |
 2018-06-27 17:13:00,007 | Клиент подключён. |
 2018-06-27 17:13:00,007 | Клиент подключён. |
 2018-06-27 17:13:00,011 | Клиенту был отправлен ответ: {'response': 200} |
 2018-06-27 17:13:00,011 | Клиенту был отправлен ответ: {'response': 200} |
 2018-06-27 17:13:03,177 | Введено сообщение: 123 |
 2018-06-27 17:13:03,177 | Введено сообщение: 123 |
 2018-06-27 17:14:39,947 | Клиент подключён. |
 2018-06-27 17:14:39,947 | Клиент подключён. |
 2018-06-27 17:14:39,951 | Клиенту был отправлен ответ: {'response': 200} |
 2018-06-27 17:14:39,951 | Клиенту был отправлен ответ: {'response': 200} |
 2018-06-27 17:14:43,179 | Введено сообщение: 2 |
 2018-06-27 17:14:43,179 | Введено сообщение: 2 |
 2018-06-27 17:20:31,532 | Клиент подключён. |
 2018-06-27 17:20:31,535 | Клиенту был отправлен ответ: {'response': 200} |
 2018-06-27 17:20:33,609 | Введено сообщение: 123 |
 2018-06-27 17:24:09,030 | Клиент подключён. |
 2018-06-27 17:24:09,030 | Клиент подключён. |
 2018-06-27 17:24:09,034 | Клиенту был отправлен ответ: {'response': 200} |
 2018-06-27 17:24:09,034 | Клиенту был отправлен ответ: {'response': 200} |
 2018-06-27 17:24:14,815 | Введено сообщение: 123 |
 2018-06-27 17:24:14,815 | Введено сообщение: 123 |
 2018-06-27 17:33:14,958 | Клиент подключён. |
 2018-06-27 17:33:14,958 | Клиент подключён. |
 2018-06-27 17:33:14,963 | Клиенту был отправлен ответ: {'response': 200} |
 2018-06-27 17:33:14,963 | Клиенту был отправлен ответ: {'response': 200} |
 2018-06-27 17:33:52,118 | Введено сообщение: 132 |
 2018-06-27 17:33:52,118 | Введено сообщение: 132 |
 2018-06-27 17:38:08,057 | Клиент подключён. |
 2018-06-27 17:38:08,057 | Клиент подключён. |
 2018-06-27 17:38:08,060 | Клиенту был отправлен ответ: {'response': 200} |
 2018-06-27 17:38:08,060 | Клиенту был отправлен ответ: {'response': 200} |
 2018-06-27 17:38:12,645 | Введено сообщение: 123 |
 2018-06-27 17:38:12,645 | Введено сообщение: 123 |
 2018-06-27 17:39:18,295 | Клиент подключён. |
 2018-06-27 17:39:18,295 | Клиент подключён. |
 2018-06-27 17:39:18,298 | Клиенту был отправлен ответ: {'response': 200} |
 2018-06-27 17:39:18,298 | Клиенту был отправлен ответ: {'response': 200} |
 2018-06-27 17:39:42,774 | Введено сообщение: wqeqw |
 2018-06-27 17:39:42,774 | Введено сообщение: wqeqw |
 2018-06-27 17:43:40,448 | Клиент подключён. |
 2018-06-27 17:43:40,448 | Клиент подключён. |
 2018-06-27 17:44:29,271 | Клиент подключён. |
 2018-06-27 17:44:29,271 | Клиент подключён. |
 2018-06-27 17:45:44,425 | Клиент подключён. |
 2018-06-27 17:45:44,425 | Клиент подключён. |
 2018-06-27 17:45:44,426 | Клиенту был отправлен ответ: {'response': 200} |
 2018-06-27 17:45:44,426 | Клиенту был отправлен ответ: {'response': 200} |
 2018-06-27 17:45:47,151 | Введено сообщение: 132 |
 2018-06-27 17:45:47,151 | Введено сообщение: 132 |
 2018-06-27 17:48:39,422 | Клиент подключён. |
 2018-06-27 17:48:39,422 | Клиент подключён. |
 2018-06-27 17:48:39,425 | Клиенту был отправлен ответ: {'response': 200} |
 2018-06-27 17:48:39,425 | Клиенту был отправлен ответ: {'response': 200} |
 2018-06-27 17:48:41,945 | Введено сообщение: 123 |
 2018-06-27 17:48:41,945 | Введено сообщение: 123 |
 2018-06-27 17:54:24,521 | Клиент подключён. |
 2018-06-27 17:54:24,521 | Клиент подключён. |
 2018-06-27 17:54:28,172 | Клиенту был отправлен ответ: {'response': 200} |
 2018-06-27 17:54:28,172 | Клиенту был отправлен ответ: {'response': 200} |
 2018-06-27 17:55:26,297 | Введено сообщение: 123 |
 2018-06-27 17:55:26,297 | Введено сообщение: 123 |
 2018-06-27 17:59:13,571 | Клиент подключён. |
 2018-06-27 17:59:13,571 | Клиент подключён. |
 2018-06-27 17:59:13,574 | Клиенту был отправлен ответ: {'response': 200} |
 2018-06-27 17:59:13,574 | Клиенту был отправлен ответ: {'response': 200} |
 2018-06-27 17:59:15,959 | Введено сообщение: 123 |
 2018-06-27 17:59:15,959 | Введено сообщение: 123 |
 2018-06-27 18:02:39,547 | Клиент подключён. |
 2018-06-27 18:02:39,547 | Клиент подключён. |
 2018-06-27 18:02:49,838 | Клиенту был отправлен ответ: {'response': 200} |
 2018-06-27 18:02:49,838 | Клиенту был отправлен ответ: {'response': 200} |
 2018-06-27 18:04:07,419 | Клиент подключён. |
 2018-06-27 18:04:07,419 | Клиент подключён. |
 2018-06-27 18:04:07,421 | Клиенту был отправлен ответ: {'response': 200} |
 2018-06-27 18:04:07,421 | Клиенту был отправлен ответ: {'response': 200} |
 2018-06-27 18:04:10,059 | Введено сообщение: 123 |
 2018-06-27 18:04:10,059 | Введено сообщение: 123 |
 2018-06-27 18:08:38,651 | Клиент подключён. |
 2018-06-27 18:08:38,651 | Клиент подключён. |
 2018-06-27 18:08:38,654 | Клиенту был отправлен ответ: {'response': 200} |
 2018-06-27 18:08:38,654 | Клиенту был отправлен ответ: {'response': 200} |
 2018-06-27 18:08:41,337 | Введено сообщение: 123 |
 2018-06-27 18:08:41,337 | Введено сообщение: 123 |
 2018-06-27 18:08:48,169 | Клиент подключён. |
 2018-06-27 18:08:48,169 | Клиент подключён. |
 2018-06-27 18:08:48,172 | Клиенту был отправлен ответ: {'response': 200} |
 2018-06-27 18:08:48,172 | Клиенту был отправлен ответ: {'response': 200} |
 2018-06-27 18:08:55,506 | С сервера не пришёл ключ в response. |
 2018-06-27 18:08:55,506 | С сервера не пришёл ключ в response. |
 2018-06-27 18:10:27,340 | Клиент подключён. |
 2018-06-27 18:10:27,340 | Клиент подключён. |
 2018-06-27 18:10:27,340 | Клиенту был отправлен ответ: {'response': 200} |
 2018-06-27 18:10:27,340 | Клиенту был отправлен ответ: {'response': 200} |
 2018-06-27 18:10:33,277 | С сервера не пришёл ключ в response. |
 2018-06-27 18:10:33,277 | С сервера не пришёл ключ в response. |
 2018-06-27 18:12:31,003 | Клиент подключён. |
 2018-06-27 18:12:31,003 | Клиент подключён. |
 2018-06-27 18:12:31,006 | Клиенту был отправлен ответ: {'response': 200} |
 2018-06-27 18:12:31,006 | Клиенту был отправлен ответ: {'response': 200} |
 2018-06-27 18:22:02,507 | Клиент подключён. |
 2018-06-27 18:22:02,507 | Клиент подключён. |
 2018-06-27 18:22:02,557 | Клиенту был отправлен ответ: {'response': 200} |
 2018-06-27 18:22:02,557 | Клиенту был отправлен ответ: {'response': 200} |
 2018-06-27 18:22:09,264 | С сервера не пришёл ключ в response. |
 2018-06-27 18:22:09,264 | С сервера не пришёл ключ в response. |
 2018-06-27 18:23:09,477 | Клиент подключён. |
 2018-06-27 18:23:09,477 | Клиент подключён. |
 2018-06-27 18:23:09,586 | Клиенту был отправлен ответ: {'response': 200} |
 2018-06-27 18:23:09,586 | Клиенту был отправлен ответ: {'response': 200} |
